<?xml version="1.0" encoding="UTF-8"?>
<!-- Generated by org.testng.reporters.JUnitReportReporter -->
<testsuite hostname="DCSaab-Laptop" failures="0" tests="2" name="testlayer.LoginTest" time="9.131" errors="0" timestamp="2022-11-26T04:05:09 IST" skipped="0">
  <testcase classname="testlayer.LoginTest" name="Login" time="3.981"/>
  <system-out/>
  <testcase classname="testlayer.LoginTest" name="gettitle" time="5.150"/>
  <system-out/>
</testsuite> <!-- testlayer.LoginTest -->
